[28-Mar-2018 21:33:16 UTC] PHP Notice:  Undefined offset: 254 in /home/ubuntu/workspace/analyzer/textAnalyzer.php on line 37
[28-Mar-2018 21:33:16 UTC] PHP Notice:  Undefined offset: 254 in /home/ubuntu/workspace/analyzer/textAnalyzer.php on line 37
[28-Mar-2018 21:33:16 UTC] PHP Notice:  Undefined offset: 3 in /home/ubuntu/workspace/analyzer/textAnalyzer.php on line 50
[28-Mar-2018 21:33:16 UTC] PHP Notice:  Undefined offset: 327 in /home/ubuntu/workspace/analyzer/textAnalyzer.php on line 37
[28-Mar-2018 21:33:16 UTC] PHP Notice:  Undefined offset: 327 in /home/ubuntu/workspace/analyzer/textAnalyzer.php on line 37
[28-Mar-2018 21:33:16 UTC] PHP Notice:  Undefined offset: 3 in /home/ubuntu/workspace/analyzer/textAnalyzer.php on line 50
[28-Mar-2018 21:33:16 UTC] PHP Notice:  Undefined offset: 50 in /home/ubuntu/workspace/analyzer/textAnalyzer.php on line 37
[28-Mar-2018 21:33:16 UTC] PHP Notice:  Undefined offset: 50 in /home/ubuntu/workspace/analyzer/textAnalyzer.php on line 37
[28-Mar-2018 21:33:16 UTC] PHP Notice:  Undefined offset: 1 in /home/ubuntu/workspace/analyzer/textAnalyzer.php on line 50
[28-Mar-2018 21:33:16 UTC] PHP Notice:  Undefined offset: 285 in /home/ubuntu/workspace/analyzer/textAnalyzer.php on line 148
[28-Mar-2018 21:33:16 UTC] PHP Notice:  Undefined offset: 285 in /home/ubuntu/workspace/analyzer/textAnalyzer.php on line 148
[28-Mar-2018 21:33:16 UTC] PHP Notice:  Undefined offset: 3 in /home/ubuntu/workspace/analyzer/textAnalyzer.php on line 161
[28-Mar-2018 21:33:16 UTC] PHP Notice:  Undefined offset: 382 in /home/ubuntu/workspace/analyzer/textAnalyzer.php on line 148
[28-Mar-2018 21:33:16 UTC] PHP Notice:  Undefined offset: 382 in /home/ubuntu/workspace/analyzer/textAnalyzer.php on line 148
[28-Mar-2018 21:33:16 UTC] PHP Notice:  Undefined offset: 3 in /home/ubuntu/workspace/analyzer/textAnalyzer.php on line 161
[28-Mar-2018 21:33:16 UTC] PHP Notice:  Undefined offset: 58 in /home/ubuntu/workspace/analyzer/textAnalyzer.php on line 148
[28-Mar-2018 21:33:16 UTC] PHP Notice:  Undefined offset: 58 in /home/ubuntu/workspace/analyzer/textAnalyzer.php on line 148
[28-Mar-2018 21:33:16 UTC] PHP Notice:  Undefined offset: 1 in /home/ubuntu/workspace/analyzer/textAnalyzer.php on line 161
[28-Mar-2018 21:33:16 UTC] PHP Notice:  Undefined offset: 285 in /home/ubuntu/workspace/analyzer/textAnalyzer.php on line 239
[28-Mar-2018 21:33:16 UTC] PHP Notice:  Undefined offset: 285 in /home/ubuntu/workspace/analyzer/textAnalyzer.php on line 239
[28-Mar-2018 21:33:17 UTC] PHP Warning:  file_get_contents(https://api.textgain.com/1/tag?q=Lectura+Fácil+se+dirige+a+todas+las+personas.&lang=es&key=***): failed to open stream: HTTP request failed! HTTP/1.1 429 Too Many Requests
 in /home/ubuntu/workspace/analyzer/textAnalyzer.php on line 267
[28-Mar-2018 21:33:17 UTC] PHP Warning:  file_get_contents(https://api.textgain.com/1/tag?q=+28/03/2019+En+especial+a+aquellas+que.&lang=es&key=***): failed to open stream: HTTP request failed! HTTP/1.1 429 Too Many Requests
 in /home/ubuntu/workspace/analyzer/textAnalyzer.php on line 267
[28-Mar-2018 21:33:17 UTC] PHP Warning:  file_get_contents(https://api.textgain.com/1/tag?q=+Tienen+dificultades+lectoras+transitorias+(inmigración,+incorporación+tardía+a+la+lectura,+escolarización+deficiente...)+o+permanentes+(trastornos+del+aprendizaje,+diversidad+funcional,+senilidad...).&lang=es&key=***): failed to open stream: HTTP request failed! HTTP/1.1 429 Too Many Requests
 in /home/ubuntu/workspace/analyzer/textAnalyzer.php on line 267
[28-Mar-2018 21:33:17 UTC] PHP Notice:  Undefined offset: 3 in /home/ubuntu/workspace/analyzer/textAnalyzer.php on line 252
[28-Mar-2018 21:33:17 UTC] PHP Notice:  Undefined offset: 382 in /home/ubuntu/workspace/analyzer/textAnalyzer.php on line 239
[28-Mar-2018 21:33:17 UTC] PHP Notice:  Undefined offset: 382 in /home/ubuntu/workspace/analyzer/textAnalyzer.php on line 239
[28-Mar-2018 21:33:17 UTC] PHP Warning:  file_get_contents(https://api.textgain.com/1/tag?q=1º+La+lectura+fácil+es+la+adaptación+que+permite+una+lectura+y+una+comprensión+más+sencilla+de+un+contenido.&lang=es&key=***): failed to open stream: HTTP request failed! HTTP/1.1 429 Too Many Requests
 in /home/ubuntu/workspace/analyzer/textAnalyzer.php on line 267
[28-Mar-2018 21:33:17 UTC] PHP Warning:  file_get_contents(https://api.textgain.com/1/tag?q=+No+sólo+abarca+el+texto,+sino+también+se+refiere+a+la+maquetación+e+ilustraciones.&lang=es&key=***): failed to open stream: HTTP request failed! HTTP/1.1 429 Too Many Requests
 in /home/ubuntu/workspace/analyzer/textAnalyzer.php on line 267
[28-Mar-2018 21:33:17 UTC] PHP Warning:  file_get_contents(https://api.textgain.com/1/tag?q=+Se+considera+también+lectura+fácil+el+método+por+el+cual+se+hacen+más+comprensibles+los+textos+para+todas+y+todos,+eliminando+barreras+para+la+comprensión,+el+aprendizaje+y+la+participación.&lang=es&key=***): failed to open stream: HTTP request failed! HTTP/1.1 429 Too Many Requests
 in /home/ubuntu/workspace/analyzer/textAnalyzer.php on line 267
[28-Mar-2018 21:33:17 UTC] PHP Notice:  Undefined offset: 3 in /home/ubuntu/workspace/analyzer/textAnalyzer.php on line 252
[28-Mar-2018 21:33:17 UTC] PHP Notice:  Undefined offset: 58 in /home/ubuntu/workspace/analyzer/textAnalyzer.php on line 239
[28-Mar-2018 21:33:17 UTC] PHP Notice:  Undefined offset: 58 in /home/ubuntu/workspace/analyzer/textAnalyzer.php on line 239
[28-Mar-2018 21:33:17 UTC] PHP Warning:  file_get_contents(https://api.textgain.com/1/tag?q=¡Hola,+qué+tal!+29-11-1995+del+siglo+XXI+Bien+etc.,+No+sé.&lang=es&key=***): failed to open stream: HTTP request failed! HTTP/1.1 429 Too Many Requests
 in /home/ubuntu/workspace/analyzer/textAnalyzer.php on line 267
[28-Mar-2018 21:33:17 UTC] PHP Notice:  Undefined offset: 1 in /home/ubuntu/workspace/analyzer/textAnalyzer.php on line 252
[28-Mar-2018 21:41:48 UTC] PHP Notice:  Undefined offset: 254 in /home/ubuntu/workspace/analyzer/textAnalyzer.php on line 37
[28-Mar-2018 21:41:48 UTC] PHP Notice:  Undefined offset: 254 in /home/ubuntu/workspace/analyzer/textAnalyzer.php on line 37
[28-Mar-2018 21:41:48 UTC] PHP Notice:  Undefined offset: 3 in /home/ubuntu/workspace/analyzer/textAnalyzer.php on line 50
[28-Mar-2018 21:41:48 UTC] PHP Notice:  Undefined offset: 327 in /home/ubuntu/workspace/analyzer/textAnalyzer.php on line 37
[28-Mar-2018 21:41:48 UTC] PHP Notice:  Undefined offset: 327 in /home/ubuntu/workspace/analyzer/textAnalyzer.php on line 37
[28-Mar-2018 21:41:48 UTC] PHP Notice:  Undefined offset: 3 in /home/ubuntu/workspace/analyzer/textAnalyzer.php on line 50
[28-Mar-2018 21:41:48 UTC] PHP Notice:  Undefined offset: 50 in /home/ubuntu/workspace/analyzer/textAnalyzer.php on line 37
[28-Mar-2018 21:41:48 UTC] PHP Notice:  Undefined offset: 50 in /home/ubuntu/workspace/analyzer/textAnalyzer.php on line 37
[28-Mar-2018 21:41:48 UTC] PHP Notice:  Undefined offset: 1 in /home/ubuntu/workspace/analyzer/textAnalyzer.php on line 50
[28-Mar-2018 21:41:48 UTC] PHP Notice:  Undefined offset: 285 in /home/ubuntu/workspace/analyzer/textAnalyzer.php on line 148
[28-Mar-2018 21:41:48 UTC] PHP Notice:  Undefined offset: 285 in /home/ubuntu/workspace/analyzer/textAnalyzer.php on line 148
[28-Mar-2018 21:41:48 UTC] PHP Notice:  Undefined offset: 3 in /home/ubuntu/workspace/analyzer/textAnalyzer.php on line 161
[28-Mar-2018 21:41:48 UTC] PHP Notice:  Undefined offset: 382 in /home/ubuntu/workspace/analyzer/textAnalyzer.php on line 148
[28-Mar-2018 21:41:48 UTC] PHP Notice:  Undefined offset: 382 in /home/ubuntu/workspace/analyzer/textAnalyzer.php on line 148
[28-Mar-2018 21:41:48 UTC] PHP Notice:  Undefined offset: 3 in /home/ubuntu/workspace/analyzer/textAnalyzer.php on line 161
[28-Mar-2018 21:41:48 UTC] PHP Notice:  Undefined offset: 58 in /home/ubuntu/workspace/analyzer/textAnalyzer.php on line 148
[28-Mar-2018 21:41:48 UTC] PHP Notice:  Undefined offset: 58 in /home/ubuntu/workspace/analyzer/textAnalyzer.php on line 148
[28-Mar-2018 21:41:48 UTC] PHP Notice:  Undefined offset: 1 in /home/ubuntu/workspace/analyzer/textAnalyzer.php on line 161
[28-Mar-2018 21:41:48 UTC] PHP Notice:  Undefined offset: 285 in /home/ubuntu/workspace/analyzer/textAnalyzer.php on line 239
[28-Mar-2018 21:41:48 UTC] PHP Notice:  Undefined offset: 285 in /home/ubuntu/workspace/analyzer/textAnalyzer.php on line 239
[28-Mar-2018 21:41:48 UTC] PHP Warning:  file_get_contents(https://api.textgain.com/1/tag?q=Lectura+Fácil+se+dirige+a+todas+las+personas.&lang=es&key=***): failed to open stream: HTTP request failed! HTTP/1.1 429 Too Many Requests
 in /home/ubuntu/workspace/analyzer/textAnalyzer.php on line 267
[28-Mar-2018 21:41:48 UTC] PHP Warning:  file_get_contents(https://api.textgain.com/1/tag?q=+28/03/2019+En+especial+a+aquellas+que.&lang=es&key=***): failed to open stream: HTTP request failed! HTTP/1.1 429 Too Many Requests
 in /home/ubuntu/workspace/analyzer/textAnalyzer.php on line 267
[28-Mar-2018 21:41:48 UTC] PHP Warning:  file_get_contents(https://api.textgain.com/1/tag?q=+Tienen+dificultades+lectoras+transitorias+(inmigración,+incorporación+tardía+a+la+lectura,+escolarización+deficiente...)+o+permanentes+(trastornos+del+aprendizaje,+diversidad+funcional,+senilidad...).&lang=es&key=***): failed to open stream: HTTP request failed! HTTP/1.1 429 Too Many Requests
 in /home/ubuntu/workspace/analyzer/textAnalyzer.php on line 267
[28-Mar-2018 21:41:48 UTC] PHP Notice:  Undefined offset: 3 in /home/ubuntu/workspace/analyzer/textAnalyzer.php on line 252
[28-Mar-2018 21:41:48 UTC] PHP Notice:  Undefined offset: 382 in /home/ubuntu/workspace/analyzer/textAnalyzer.php on line 239
[28-Mar-2018 21:41:48 UTC] PHP Notice:  Undefined offset: 382 in /home/ubuntu/workspace/analyzer/textAnalyzer.php on line 239
[28-Mar-2018 21:41:48 UTC] PHP Warning:  file_get_contents(https://api.textgain.com/1/tag?q=1º+La+lectura+fácil+es+la+adaptación+que+permite+una+lectura+y+una+comprensión+más+sencilla+de+un+contenido.&lang=es&key=***): failed to open stream: HTTP request failed! HTTP/1.1 429 Too Many Requests
 in /home/ubuntu/workspace/analyzer/textAnalyzer.php on line 267
[28-Mar-2018 21:41:48 UTC] PHP Warning:  file_get_contents(https://api.textgain.com/1/tag?q=+No+sólo+abarca+el+texto,+sino+también+se+refiere+a+la+maquetación+e+ilustraciones.&lang=es&key=***): failed to open stream: HTTP request failed! HTTP/1.1 429 Too Many Requests
 in /home/ubuntu/workspace/analyzer/textAnalyzer.php on line 267
[28-Mar-2018 21:41:49 UTC] PHP Warning:  file_get_contents(https://api.textgain.com/1/tag?q=+Se+considera+también+lectura+fácil+el+método+por+el+cual+se+hacen+más+comprensibles+los+textos+para+todas+y+todos,+eliminando+barreras+para+la+comprensión,+el+aprendizaje+y+la+participación.&lang=es&key=***): failed to open stream: HTTP request failed! HTTP/1.1 429 Too Many Requests
 in /home/ubuntu/workspace/analyzer/textAnalyzer.php on line 267
[28-Mar-2018 21:41:49 UTC] PHP Notice:  Undefined offset: 3 in /home/ubuntu/workspace/analyzer/textAnalyzer.php on line 252
[28-Mar-2018 21:41:49 UTC] PHP Notice:  Undefined offset: 58 in /home/ubuntu/workspace/analyzer/textAnalyzer.php on line 239
[28-Mar-2018 21:41:49 UTC] PHP Notice:  Undefined offset: 58 in /home/ubuntu/workspace/analyzer/textAnalyzer.php on line 239
[28-Mar-2018 21:41:49 UTC] PHP Warning:  file_get_contents(https://api.textgain.com/1/tag?q=¡Hola,+qué+tal!+29-11-1995+del+siglo+XXI+Bien+etc.,+No+sé.&lang=es&key=***): failed to open stream: HTTP request failed! HTTP/1.1 429 Too Many Requests
 in /home/ubuntu/workspace/analyzer/textAnalyzer.php on line 267
[28-Mar-2018 21:41:49 UTC] PHP Notice:  Undefined offset: 1 in /home/ubuntu/workspace/analyzer/textAnalyzer.php on line 252
[28-Mar-2018 22:17:23 UTC] PHP Notice:  Undefined offset: 254 in /home/ubuntu/workspace/analyzer/textAnalyzer.php on line 37
[28-Mar-2018 22:17:23 UTC] PHP Notice:  Undefined offset: 254 in /home/ubuntu/workspace/analyzer/textAnalyzer.php on line 37
[28-Mar-2018 22:17:23 UTC] PHP Notice:  Undefined offset: 3 in /home/ubuntu/workspace/analyzer/textAnalyzer.php on line 50
[28-Mar-2018 22:17:23 UTC] PHP Notice:  Undefined offset: 327 in /home/ubuntu/workspace/analyzer/textAnalyzer.php on line 37
[28-Mar-2018 22:17:23 UTC] PHP Notice:  Undefined offset: 327 in /home/ubuntu/workspace/analyzer/textAnalyzer.php on line 37
[28-Mar-2018 22:17:23 UTC] PHP Notice:  Undefined offset: 3 in /home/ubuntu/workspace/analyzer/textAnalyzer.php on line 50
[28-Mar-2018 22:17:23 UTC] PHP Notice:  Undefined offset: 50 in /home/ubuntu/workspace/analyzer/textAnalyzer.php on line 37
[28-Mar-2018 22:17:23 UTC] PHP Notice:  Undefined offset: 50 in /home/ubuntu/workspace/analyzer/textAnalyzer.php on line 37
[28-Mar-2018 22:17:23 UTC] PHP Notice:  Undefined offset: 1 in /home/ubuntu/workspace/analyzer/textAnalyzer.php on line 50
[28-Mar-2018 22:17:23 UTC] PHP Notice:  Undefined offset: 285 in /home/ubuntu/workspace/analyzer/textAnalyzer.php on line 148
[28-Mar-2018 22:17:23 UTC] PHP Notice:  Undefined offset: 285 in /home/ubuntu/workspace/analyzer/textAnalyzer.php on line 148
[28-Mar-2018 22:17:23 UTC] PHP Notice:  Undefined offset: 3 in /home/ubuntu/workspace/analyzer/textAnalyzer.php on line 161
[28-Mar-2018 22:17:23 UTC] PHP Notice:  Undefined offset: 382 in /home/ubuntu/workspace/analyzer/textAnalyzer.php on line 148
[28-Mar-2018 22:17:23 UTC] PHP Notice:  Undefined offset: 382 in /home/ubuntu/workspace/analyzer/textAnalyzer.php on line 148
[28-Mar-2018 22:17:23 UTC] PHP Notice:  Undefined offset: 3 in /home/ubuntu/workspace/analyzer/textAnalyzer.php on line 161
[28-Mar-2018 22:17:23 UTC] PHP Notice:  Undefined offset: 58 in /home/ubuntu/workspace/analyzer/textAnalyzer.php on line 148
[28-Mar-2018 22:17:23 UTC] PHP Notice:  Undefined offset: 58 in /home/ubuntu/workspace/analyzer/textAnalyzer.php on line 148
[28-Mar-2018 22:17:23 UTC] PHP Notice:  Undefined offset: 1 in /home/ubuntu/workspace/analyzer/textAnalyzer.php on line 161
[28-Mar-2018 22:17:23 UTC] PHP Notice:  Undefined offset: 285 in /home/ubuntu/workspace/analyzer/textAnalyzer.php on line 239
[28-Mar-2018 22:17:23 UTC] PHP Notice:  Undefined offset: 285 in /home/ubuntu/workspace/analyzer/textAnalyzer.php on line 239
[28-Mar-2018 22:17:23 UTC] PHP Warning:  file_get_contents(https://api.textgain.com/1/tag?q=Lectura+Fácil+se+dirige+a+todas+las+personas.&lang=es&key=***): failed to open stream: HTTP request failed! HTTP/1.1 429 Too Many Requests
 in /home/ubuntu/workspace/analyzer/textAnalyzer.php on line 267
[28-Mar-2018 22:17:24 UTC] PHP Warning:  file_get_contents(https://api.textgain.com/1/tag?q=+28/03/2019+En+especial+a+aquellas+que.&lang=es&key=***): failed to open stream: HTTP request failed! HTTP/1.1 429 Too Many Requests
 in /home/ubuntu/workspace/analyzer/textAnalyzer.php on line 267
[28-Mar-2018 22:17:24 UTC] PHP Warning:  file_get_contents(https://api.textgain.com/1/tag?q=+Tienen+dificultades+lectoras+transitorias+(inmigración,+incorporación+tardía+a+la+lectura,+escolarización+deficiente...)+o+permanentes+(trastornos+del+aprendizaje,+diversidad+funcional,+senilidad...).&lang=es&key=***): failed to open stream: HTTP request failed! HTTP/1.1 429 Too Many Requests
 in /home/ubuntu/workspace/analyzer/textAnalyzer.php on line 267
[28-Mar-2018 22:17:24 UTC] PHP Notice:  Undefined offset: 3 in /home/ubuntu/workspace/analyzer/textAnalyzer.php on line 252
[28-Mar-2018 22:17:24 UTC] PHP Notice:  Undefined offset: 382 in /home/ubuntu/workspace/analyzer/textAnalyzer.php on line 239
[28-Mar-2018 22:17:24 UTC] PHP Notice:  Undefined offset: 382 in /home/ubuntu/workspace/analyzer/textAnalyzer.php on line 239
[28-Mar-2018 22:17:24 UTC] PHP Warning:  file_get_contents(https://api.textgain.com/1/tag?q=1º+La+lectura+fácil+es+la+adaptación+que+permite+una+lectura+y+una+comprensión+más+sencilla+de+un+contenido.&lang=es&key=***): failed to open stream: HTTP request failed! HTTP/1.1 429 Too Many Requests
 in /home/ubuntu/workspace/analyzer/textAnalyzer.php on line 267
[28-Mar-2018 22:17:24 UTC] PHP Warning:  file_get_contents(https://api.textgain.com/1/tag?q=+No+sólo+abarca+el+texto,+sino+también+se+refiere+a+la+maquetación+e+ilustraciones.&lang=es&key=***): failed to open stream: HTTP request failed! HTTP/1.1 429 Too Many Requests
 in /home/ubuntu/workspace/analyzer/textAnalyzer.php on line 267
[28-Mar-2018 22:17:24 UTC] PHP Warning:  file_get_contents(https://api.textgain.com/1/tag?q=+Se+considera+también+lectura+fácil+el+método+por+el+cual+se+hacen+más+comprensibles+los+textos+para+todas+y+todos,+eliminando+barreras+para+la+comprensión,+el+aprendizaje+y+la+participación.&lang=es&key=***): failed to open stream: HTTP request failed! HTTP/1.1 429 Too Many Requests
 in /home/ubuntu/workspace/analyzer/textAnalyzer.php on line 267
[28-Mar-2018 22:17:24 UTC] PHP Notice:  Undefined offset: 3 in /home/ubuntu/workspace/analyzer/textAnalyzer.php on line 252
[28-Mar-2018 22:17:24 UTC] PHP Notice:  Undefined offset: 58 in /home/ubuntu/workspace/analyzer/textAnalyzer.php on line 239
[28-Mar-2018 22:17:24 UTC] PHP Notice:  Undefined offset: 58 in /home/ubuntu/workspace/analyzer/textAnalyzer.php on line 239
[28-Mar-2018 22:17:24 UTC] PHP Warning:  file_get_contents(https://api.textgain.com/1/tag?q=¡Hola,+qué+tal!+29-11-1995+del+siglo+XXI+Bien+etc.,+No+sé.&lang=es&key=***): failed to open stream: HTTP request failed! HTTP/1.1 429 Too Many Requests
 in /home/ubuntu/workspace/analyzer/textAnalyzer.php on line 267
[28-Mar-2018 22:17:24 UTC] PHP Notice:  Undefined offset: 1 in /home/ubuntu/workspace/analyzer/textAnalyzer.php on line 252
